2017-09-29 10:29:25,101 INFO osmnet Requesting network data within bounding box from Overpass API in 4 request(s)
2017-09-29 10:29:25,101 INFO osmnet Posting to http://www.overpass-api.de/api/interpreter with timeout=180, "{'data': '[out:json][timeout:180];(way["highway"]["highway"!~"cycleway|footway|path|pedestrian|steps|track|proposed|construction|bridleway|abandoned|platform|raceway|service"]["motor_vehicle"!~"no"]["motorcar"!~"no"]["service"!~"parking|parking_aisle|driveway|emergency_access"](45.14530000,-123.10950000,45.46678913,-122.68170813);>;);out;'}"
2017-09-29 10:29:36,214 INFO osmnet Requesting network data within bounding box from Overpass API in 4 request(s)
2017-09-29 10:29:36,215 INFO osmnet Posting to http://www.overpass-api.de/api/interpreter with timeout=180, "{'data': '[out:json][timeout:180];(way["highway"]["highway"!~"cycleway|footway|path|pedestrian|steps|track|proposed|construction|bridleway|abandoned|platform|raceway|service"]["motor_vehicle"!~"no"]["motorcar"!~"no"]["service"!~"parking|parking_aisle|driveway|emergency_access"](45.14530000,-123.10950000,45.46678913,-122.68170813);>;);out;'}"
2017-09-29 10:29:41,798 INFO osmnet Downloaded 15,948.5KB from www.overpass-api.de in 5.58 seconds
2017-09-29 10:29:42,093 INFO osmnet Posting to http://www.overpass-api.de/api/interpreter with timeout=180, "{'data': '[out:json][timeout:180];(way["highway"]["highway"!~"cycleway|footway|path|pedestrian|steps|track|proposed|construction|bridleway|abandoned|platform|raceway|service"]["motor_vehicle"!~"no"]["motorcar"!~"no"]["service"!~"parking|parking_aisle|driveway|emergency_access"](45.46639816,-123.10950000,45.78669410,-122.67989024);>;);out;'}"
2017-09-29 10:29:52,974 INFO osmnet Downloaded 20,300.2KB from www.overpass-api.de in 10.88 seconds
2017-09-29 10:29:53,399 INFO osmnet Posting to http://www.overpass-api.de/api/interpreter with timeout=180, "{'data': '[out:json][timeout:180];(way["highway"]["highway"!~"cycleway|footway|path|pedestrian|steps|track|proposed|construction|bridleway|abandoned|platform|raceway|service"]["motor_vehicle"!~"no"]["motorcar"!~"no"]["service"!~"parking|parking_aisle|driveway|emergency_access"](45.46442844,-122.68170813,45.78669410,-122.25750000);>;);out;'}"
2017-09-29 10:30:02,130 INFO osmnet Downloaded 30,455.4KB from www.overpass-api.de in 8.73 seconds
2017-09-29 10:30:02,845 INFO osmnet Posting to http://www.overpass-api.de/api/interpreter with timeout=180, "{'data': '[out:json][timeout:180];(way["highway"]["highway"!~"cycleway|footway|path|pedestrian|steps|track|proposed|construction|bridleway|abandoned|platform|raceway|service"]["motor_vehicle"!~"no"]["motorcar"!~"no"]["service"!~"parking|parking_aisle|driveway|emergency_access"](45.14530000,-122.68349563,45.46639816,-122.25750000);>;);out;'}"
2017-09-29 10:30:18,405 INFO osmnet Downloaded 0.7KB from www.overpass-api.de in 15.56 seconds
2017-09-29 10:30:18,813 WARNING osmnet Server at www.overpass-api.de returned status code 429 and no JSON data. Re-trying request in 31.00 seconds.
2017-09-29 10:30:49,818 INFO osmnet Posting to http://www.overpass-api.de/api/interpreter with timeout=180, "{'data': '[out:json][timeout:180];(way["highway"]["highway"!~"cycleway|footway|path|pedestrian|steps|track|proposed|construction|bridleway|abandoned|platform|raceway|service"]["motor_vehicle"!~"no"]["motorcar"!~"no"]["service"!~"parking|parking_aisle|driveway|emergency_access"](45.14530000,-122.68349563,45.46639816,-122.25750000);>;);out;'}"
2017-09-29 10:30:54,347 INFO osmnet Downloaded 14,137.2KB from www.overpass-api.de in 4.53 seconds
2017-09-29 10:30:54,572 INFO osmnet Downloaded OSM network data within bounding box from Overpass API in 4 request(s) and 78.36 seconds
2017-09-29 10:31:01,006 INFO osmnet 13650 duplicate records removed. Took 6.43 seconds
2017-09-29 10:31:04,386 INFO osmnet Returning OSM data with 534,474 nodes and 80,210 ways...
2017-09-29 10:32:23,900 INFO osmnet Edge node pairs completed. Took 79.51 seconds
2017-09-29 10:32:24,183 INFO osmnet Returning processed graph with 84,481 nodes and 111,984 edges...
2017-09-29 10:32:24,183 INFO osmnet Completed OSM data download and Pandana node and edge table creation in 167.99 seconds
